<?xml version="1.0" encoding="UTF-8"?>
<!-- Generated by org.testng.reporters.JUnitXMLReporter -->
<testsuite ignored="0" hostname="DESKTOP-SJ47BRU" failures="0" tests="3" name="Surefire test" time="4.105" errors="0" timestamp="2020-12-23T15:04:59 IST">
  <testcase classname="Test.getPostRequestTest" name="test1" time="2.478"/>
  <testcase classname="Test.getPostRequestTest" name="test2" time="0.631"/>
  <testcase classname="Test.getPostRequestTest" name="test3" time="0.947"/>
</testsuite> <!-- Surefire test -->
