<?xml version="1.0" encoding="UTF-8"?>
<testng-results ignored="0" total="3" passed="3" failed="0" skipped="0">
  <reporter-output>
  </reporter-output>
  <suite started-at="2020-12-23T15:04:17 IST" name="Default suite" finished-at="2020-12-23T15:04:21 IST" duration-ms="3855">
    <groups>
    </groups>
    <test started-at="2020-12-23T15:04:17 IST" name="Default test" finished-at="2020-12-23T15:04:21 IST" duration-ms="3855">
      <class name="Test.getPostRequestTest">
        <test-method signature="test1()[pri:0, instance:Test.getPostRequestTest@4445629]" started-at="2020-12-23T15:04:17 IST" name="test1" finished-at="2020-12-23T15:04:20 IST" duration-ms="2825" status="PASS">
          <reporter-output>
          </reporter-output>
        </test-method> <!-- test1 -->
        <test-method signature="test2()[pri:0, instance:Test.getPostRequestTest@4445629]" started-at="2020-12-23T15:04:20 IST" name="test2" finished-at="2020-12-23T15:04:20 IST" duration-ms="324" status="PASS">
          <reporter-output>
          </reporter-output>
        </test-method> <!-- test2 -->
        <test-method signature="test3()[pri:0, instance:Test.getPostRequestTest@4445629]" started-at="2020-12-23T15:04:20 IST" name="test3" finished-at="2020-12-23T15:04:21 IST" duration-ms="585" status="PASS">
          <reporter-output>
          </reporter-output>
        </test-method> <!-- test3 -->
      </class> <!-- Test.getPostRequestTest -->
    </test> <!-- Default test -->
  </suite> <!-- Default suite -->
</testng-results>
