<?xml version="1.0" encoding="UTF-8"?>
<!-- Generated by org.testng.reporters.JUnitXMLReporter -->
<testsuite ignored="0" hostname="DESKTOP-SJ47BRU" failures="0" tests="3" name="Default test" time="3.855" errors="0" timestamp="2020-12-23T15:04:21 IST">
  <testcase classname="Test.getPostRequestTest" name="test1" time="2.825"/>
  <testcase classname="Test.getPostRequestTest" name="test2" time="0.324"/>
  <testcase classname="Test.getPostRequestTest" name="test3" time="0.585"/>
</testsuite> <!-- Default test -->
