<?xml version="1.0" encoding="UTF-8"?>
<testng-results ignored="0" total="3" passed="3" failed="0" skipped="0">
  <reporter-output>
  </reporter-output>
  <suite started-at="2020-12-23T15:04:55 IST" name="Surefire suite" finished-at="2020-12-23T15:04:59 IST" duration-ms="4105">
    <groups>
    </groups>
    <test started-at="2020-12-23T15:04:55 IST" name="Surefire test" finished-at="2020-12-23T15:04:59 IST" duration-ms="4105">
      <class name="Test.getPostRequestTest">
        <test-method signature="test1()[pri:0, instance:Test.getPostRequestTest@2d127a61]" started-at="2020-12-23T15:04:55 IST" name="test1" finished-at="2020-12-23T15:04:58 IST" duration-ms="2478" status="PASS">
          <reporter-output>
          </reporter-output>
        </test-method> <!-- test1 -->
        <test-method signature="test2()[pri:0, instance:Test.getPostRequestTest@2d127a61]" started-at="2020-12-23T15:04:58 IST" name="test2" finished-at="2020-12-23T15:04:58 IST" duration-ms="631" status="PASS">
          <reporter-output>
          </reporter-output>
        </test-method> <!-- test2 -->
        <test-method signature="test3()[pri:0, instance:Test.getPostRequestTest@2d127a61]" started-at="2020-12-23T15:04:58 IST" name="test3" finished-at="2020-12-23T15:04:59 IST" duration-ms="947" status="PASS">
          <reporter-output>
          </reporter-output>
        </test-method> <!-- test3 -->
      </class> <!-- Test.getPostRequestTest -->
    </test> <!-- Surefire test -->
  </suite> <!-- Surefire suite -->
</testng-results>
